<?xml version="1.0" encoding="UTF-8"?>
<testng-results ignored="0" total="1" passed="1" failed="0" skipped="0">
  <reporter-output>
  </reporter-output>
  <suite started-at="2022-01-24T17:17:12 IST" name="Default suite" finished-at="2022-01-24T17:17:12 IST" duration-ms="447">
    <groups>
    </groups>
    <test started-at="2022-01-24T17:17:12 IST" name="Default test" finished-at="2022-01-24T17:17:12 IST" duration-ms="447">
      <class name="demoGit.DemoGit">
        <test-method signature="DemoGit()[pri:0, instance:demoGit.DemoGit@2e1d27ba]" started-at="2022-01-24T17:17:12 IST" name="DemoGit" finished-at="2022-01-24T17:17:12 IST" duration-ms="13" status="PASS">
          <reporter-output>
          </reporter-output>
        </test-method> <!-- DemoGit -->
      </class> <!-- demoGit.DemoGit -->
    </test> <!-- Default test -->
  </suite> <!-- Default suite -->
</testng-results>
